<?xml version="1.0" encoding="UTF-8"?>
<coverage generated="1722856781">
  <project timestamp="1722856781">
    <package name="Spoorsny\Laravel\Casts">
      <file name="/home/werker/src/my/laravel-south-african-id/app/Casts/AsSouthAfricanId.php">
        <class name="Spoorsny\Laravel\Casts\AsSouthAfricanId" namespace="Spoorsny\Laravel\Casts">
          <metrics complexity="2" methods="2" coveredmethods="2" conditionals="0" coveredconditionals="0" statements="2" coveredstatements="2" elements="4" coveredelements="4"/>
        </class>
        <line num="40" type="method" name="get" visibility="public" complexity="1" crap="1" count="1"/>
        <line num="42" type="stmt" count="1"/>
        <line num="50" type="method" name="set" visibility="public" complexity="1" crap="1" count="2"/>
        <line num="52" type="stmt" count="2"/>
        <metrics loc="55" ncloc="22" classes="1" methods="2" coveredmethods="2" conditionals="0" coveredconditionals="0" statements="2" coveredstatements="2" elements="4" coveredelements="4"/>
      </file>
    </package>
    <package name="Spoorsny\Laravel\Rules">
      <file name="/home/werker/src/my/laravel-south-african-id/app/Rules/BirthDateMatchSouthAfricanId.php">
        <class name="Spoorsny\Laravel\Rules\BirthDateMatchSouthAfricanId" namespace="Spoorsny\Laravel\Rules">
          <metrics complexity="5" methods="2" coveredmethods="1" conditionals="0" coveredconditionals="0" statements="11" coveredstatements="8" elements="13" coveredelements="9"/>
        </class>
        <line num="49" type="method" name="validate" visibility="public" complexity="4" crap="4.59" count="2"/>
        <line num="51" type="stmt" count="2"/>
        <line num="52" type="stmt" count="0"/>
        <line num="56" type="stmt" count="2"/>
        <line num="57" type="stmt" count="0"/>
        <line num="58" type="stmt" count="0"/>
        <line num="61" type="stmt" count="2"/>
        <line num="63" type="stmt" count="2"/>
        <line num="64" type="stmt" count="1"/>
        <line num="67" type="stmt" count="1"/>
        <line num="75" type="method" name="setData" visibility="public" complexity="1" crap="1" count="2"/>
        <line num="77" type="stmt" count="2"/>
        <line num="79" type="stmt" count="2"/>
        <metrics loc="82" ncloc="44" classes="1" methods="2" coveredmethods="1" conditionals="0" coveredconditionals="0" statements="11" coveredstatements="8" elements="13" coveredelements="9"/>
      </file>
      <file name="/home/werker/src/my/laravel-south-african-id/app/Rules/SouthAfricanId.php">
        <class name="Spoorsny\Laravel\Rules\SouthAfricanId" namespace="Spoorsny\Laravel\Rules">
          <metrics complexity="2" methods="1" coveredmethods="1" conditionals="0" coveredconditionals="0" statements="3" coveredstatements="3" elements="4" coveredelements="4"/>
        </class>
        <line num="41" type="method" name="validate" visibility="public" complexity="2" crap="2" count="84"/>
        <line num="44" type="stmt" count="84"/>
        <line num="45" type="stmt" count="74"/>
        <line num="46" type="stmt" count="74"/>
        <metrics loc="50" ncloc="22" classes="1" methods="1" coveredmethods="1" conditionals="0" coveredconditionals="0" statements="3" coveredstatements="3" elements="4" coveredelements="4"/>
      </file>
    </package>
    <metrics files="3" loc="187" ncloc="88" classes="3" methods="5" coveredmethods="4" conditionals="0" coveredconditionals="0" statements="16" coveredstatements="13" elements="21" coveredelements="17"/>
  </project>
</coverage>
